<?xml version="1.0" encoding="UTF-8"?>
<coverage generated="1566110740031" clover="3.2.0">
  <project timestamp="1566110740031" name="All files">
    <metrics statements="109" coveredstatements="102" conditionals="41" coveredconditionals="33" methods="20" coveredmethods="20" elements="170" coveredelements="155" complexity="0" loc="109" ncloc="109" packages="2" files="2" classes="2"/>
    <package name="src">
      <metrics statements="88" coveredstatements="88" conditionals="30" coveredconditionals="29" methods="17" coveredmethods="17"/>
      <file name="index.js" path="C:\Users\ADMIN\Desktop\npm\bpmn-replace-element-loader\src\index.js">
        <metrics statements="88" coveredstatements="88" conditionals="30" coveredconditionals="29" methods="17" coveredmethods="17"/>
        <line num="2" count="1" type="stmt"/>
        <line num="4" count="1" type="stmt"/>
        <line num="6" count="1" type="stmt"/>
        <line num="8" count="1" type="stmt"/>
        <line num="9" count="1" type="stmt"/>
        <line num="11" count="1" type="stmt"/>
        <line num="12" count="6123" type="stmt"/>
        <line num="13" count="841" type="cond" truecount="5" falsecount="0"/>
        <line num="18" count="841" type="stmt"/>
        <line num="21" count="1" type="cond" truecount="3" falsecount="0"/>
        <line num="23" count="1" type="stmt"/>
        <line num="24" count="37" type="stmt"/>
        <line num="25" count="37" type="stmt"/>
        <line num="26" count="37" type="stmt"/>
        <line num="27" count="37" type="stmt"/>
        <line num="28" count="37" type="stmt"/>
        <line num="30" count="37" type="cond" truecount="2" falsecount="0"/>
        <line num="34" count="1" type="stmt"/>
        <line num="35" count="64" type="stmt"/>
        <line num="36" count="64" type="stmt"/>
        <line num="37" count="64" type="stmt"/>
        <line num="39" count="64" type="stmt"/>
        <line num="43" count="1" type="stmt"/>
        <line num="44" count="64" type="stmt"/>
        <line num="45" count="64" type="stmt"/>
        <line num="46" count="64" type="stmt"/>
        <line num="47" count="64" type="cond" truecount="4" falsecount="0"/>
        <line num="48" count="2" type="stmt"/>
        <line num="49" count="8" type="stmt"/>
        <line num="50" count="8" type="stmt"/>
        <line num="52" count="5" type="stmt"/>
        <line num="55" count="64" type="stmt"/>
        <line num="59" count="1" type="stmt"/>
        <line num="60" count="64" type="stmt"/>
        <line num="61" count="64" type="stmt"/>
        <line num="62" count="64" type="stmt"/>
        <line num="63" count="64" type="cond" truecount="4" falsecount="0"/>
        <line num="64" count="2" type="stmt"/>
        <line num="65" count="8" type="stmt"/>
        <line num="66" count="8" type="stmt"/>
        <line num="68" count="7" type="stmt"/>
        <line num="71" count="64" type="stmt"/>
        <line num="75" count="1" type="stmt"/>
        <line num="76" count="7" type="stmt"/>
        <line num="80" count="7" type="stmt"/>
        <line num="82" count="841" type="cond" truecount="2" falsecount="0"/>
        <line num="83" count="2" type="stmt"/>
        <line num="84" count="1" type="stmt"/>
        <line num="85" count="1" type="stmt"/>
        <line num="86" count="1" type="stmt"/>
        <line num="87" count="1" type="stmt"/>
        <line num="88" count="1" type="stmt"/>
        <line num="89" count="1" type="stmt"/>
        <line num="90" count="1" type="stmt"/>
        <line num="91" count="1" type="stmt"/>
        <line num="95" count="1" type="cond" truecount="1" falsecount="1"/>
        <line num="96" count="1" type="stmt"/>
        <line num="97" count="1" type="stmt"/>
        <line num="98" count="1" type="stmt"/>
        <line num="99" count="1" type="stmt"/>
        <line num="100" count="1" type="stmt"/>
        <line num="101" count="1" type="stmt"/>
        <line num="102" count="1" type="stmt"/>
        <line num="106" count="37" type="cond" truecount="2" falsecount="0"/>
        <line num="107" count="1" type="stmt"/>
        <line num="108" count="1" type="stmt"/>
        <line num="110" count="1" type="stmt"/>
        <line num="114" count="64" type="cond" truecount="2" falsecount="0"/>
        <line num="115" count="1" type="stmt"/>
        <line num="116" count="1" type="stmt"/>
        <line num="117" count="1" type="stmt"/>
        <line num="118" count="1" type="stmt"/>
        <line num="120" count="1" type="stmt"/>
        <line num="122" count="64" type="cond" truecount="2" falsecount="0"/>
        <line num="123" count="1" type="stmt"/>
        <line num="124" count="1" type="stmt"/>
        <line num="125" count="1" type="stmt"/>
        <line num="126" count="1" type="stmt"/>
        <line num="128" count="1" type="stmt"/>
        <line num="130" count="64" type="cond" truecount="2" falsecount="0"/>
        <line num="131" count="1" type="stmt"/>
        <line num="132" count="1" type="stmt"/>
        <line num="133" count="1" type="stmt"/>
        <line num="134" count="1" type="stmt"/>
        <line num="135" count="1" type="stmt"/>
        <line num="136" count="1" type="stmt"/>
        <line num="137" count="1" type="stmt"/>
        <line num="141" count="7" type="stmt"/>
      </file>
    </package>
    <package name="test">
      <metrics statements="21" coveredstatements="14" conditionals="11" coveredconditionals="4" methods="3" coveredmethods="3"/>
      <file name="compiler.js" path="C:\Users\ADMIN\Desktop\npm\bpmn-replace-element-loader\test\compiler.js">
        <metrics statements="21" coveredstatements="14" conditionals="11" coveredconditionals="4" methods="3" coveredmethods="3"/>
        <line num="1" count="1" type="stmt"/>
        <line num="2" count="1" type="stmt"/>
        <line num="4" count="1" type="stmt"/>
        <line num="6" count="1" type="cond" truecount="1" falsecount="0"/>
        <line num="7" count="7" type="stmt"/>
        <line num="28" count="7" type="stmt"/>
        <line num="29" count="7" type="stmt"/>
        <line num="31" count="7" type="stmt"/>
        <line num="32" count="7" type="stmt"/>
        <line num="33" count="7" type="cond" truecount="1" falsecount="1"/>
        <line num="34" count="0" type="cond" truecount="0" falsecount="2"/>
        <line num="35" count="0" type="cond" truecount="0" falsecount="2"/>
        <line num="36" count="0" type="stmt"/>
        <line num="38" count="0" type="stmt"/>
        <line num="39" count="0" type="stmt"/>
        <line num="41" count="7" type="stmt"/>
        <line num="42" count="7" type="cond" truecount="1" falsecount="1"/>
        <line num="43" count="0" type="stmt"/>
        <line num="45" count="7" type="cond" truecount="1" falsecount="1"/>
        <line num="46" count="0" type="stmt"/>
        <line num="48" count="7" type="stmt"/>
      </file>
    </package>
  </project>
</coverage>
