{"C:\\Users\\ADMIN\\Desktop\\npm\\bpmn-replace-element-loader\\src\\index.js": {"path":"C:\\Users\\ADMIN\\Desktop\\npm\\bpmn-replace-element-loader\\src\\index.js","statementMap":{"0":{"start":{"line":2,"column":15},"end":{"line":2,"column":39}},"1":{"start":{"line":4,"column":17},"end":{"line":4,"column":51}},"2":{"start":{"line":6,"column":10},"end":{"line":6,"column":33}},"3":{"start":{"line":8,"column":17},"end":{"line":8,"column":51}},"4":{"start":{"line":9,"column":17},"end":{"line":9,"column":51}},"5":{"start":{"line":11,"column":31},"end":{"line":19,"column":1}},"6":{"start":{"line":12,"column":32},"end":{"line":12,"column":82}},"7":{"start":{"line":12,"column":56},"end":{"line":12,"column":81}},"8":{"start":{"line":13,"column":18},"end":{"line":17,"column":78}},"9":{"start":{"line":18,"column":2},"end":{"line":18,"column":17}},"10":{"start":{"line":21,"column":29},"end":{"line":21,"column":110}},"11":{"start":{"line":21,"column":39},"end":{"line":21,"column":110}},"12":{"start":{"line":23,"column":25},"end":{"line":32,"column":1}},"13":{"start":{"line":24,"column":34},"end":{"line":24,"column":39}},"14":{"start":{"line":25,"column":32},"end":{"line":25,"column":37}},"15":{"start":{"line":26,"column":2},"end":{"line":31,"column":3}},"16":{"start":{"line":27,"column":4},"end":{"line":27,"column":87}},"17":{"start":{"line":28,"column":4},"end":{"line":28,"column":100}},"18":{"start":{"line":30,"column":4},"end":{"line":30,"column":64}},"19":{"start":{"line":34,"column":33},"end":{"line":41,"column":1}},"20":{"start":{"line":35,"column":37},"end":{"line":35,"column":42}},"21":{"start":{"line":36,"column":2},"end":{"line":40,"column":3}},"22":{"start":{"line":37,"column":4},"end":{"line":37,"column":91}},"23":{"start":{"line":39,"column":4},"end":{"line":39,"column":39}},"24":{"start":{"line":43,"column":33},"end":{"line":57,"column":1}},"25":{"start":{"line":44,"column":33},"end":{"line":44,"column":38}},"26":{"start":{"line":45,"column":2},"end":{"line":56,"column":3}},"27":{"start":{"line":46,"column":17},"end":{"line":46,"column":48}},"28":{"start":{"line":47,"column":4},"end":{"line":53,"column":5}},"29":{"start":{"line":48,"column":32},"end":{"line":51,"column":11}},"30":{"start":{"line":49,"column":8},"end":{"line":49,"column":31}},"31":{"start":{"line":50,"column":8},"end":{"line":50,"column":22}},"32":{"start":{"line":52,"column":6},"end":{"line":52,"column":126}},"33":{"start":{"line":52,"column":90},"end":{"line":52,"column":124}},"34":{"start":{"line":55,"column":4},"end":{"line":55,"column":36}},"35":{"start":{"line":59,"column":38},"end":{"line":73,"column":1}},"36":{"start":{"line":60,"column":40},"end":{"line":60,"column":45}},"37":{"start":{"line":61,"column":2},"end":{"line":72,"column":3}},"38":{"start":{"line":62,"column":17},"end":{"line":62,"column":48}},"39":{"start":{"line":63,"column":4},"end":{"line":69,"column":5}},"40":{"start":{"line":64,"column":32},"end":{"line":67,"column":11}},"41":{"start":{"line":65,"column":8},"end":{"line":65,"column":31}},"42":{"start":{"line":66,"column":8},"end":{"line":66,"column":22}},"43":{"start":{"line":68,"column":6},"end":{"line":68,"column":136}},"44":{"start":{"line":68,"column":100},"end":{"line":68,"column":134}},"45":{"start":{"line":71,"column":4},"end":{"line":71,"column":43}},"46":{"start":{"line":75,"column":0},"end":{"line":142,"column":2}},"47":{"start":{"line":76,"column":12},"end":{"line":79,"column":4}},"48":{"start":{"line":80,"column":2},"end":{"line":140,"column":5}},"49":{"start":{"line":82,"column":6},"end":{"line":92,"column":7}},"50":{"start":{"line":83,"column":23},"end":{"line":83,"column":77}},"51":{"start":{"line":83,"column":47},"end":{"line":83,"column":76}},"52":{"start":{"line":84,"column":40},"end":{"line":84,"column":59}},"53":{"start":{"line":85,"column":29},"end":{"line":85,"column":76}},"54":{"start":{"line":86,"column":38},"end":{"line":86,"column":84}},"55":{"start":{"line":87,"column":38},"end":{"line":87,"column":108}},"56":{"start":{"line":88,"column":38},"end":{"line":88,"column":103}},"57":{"start":{"line":89,"column":8},"end":{"line":89,"column":60}},"58":{"start":{"line":90,"column":8},"end":{"line":90,"column":60}},"59":{"start":{"line":91,"column":8},"end":{"line":91,"column":60}},"60":{"start":{"line":95,"column":6},"end":{"line":103,"column":7}},"61":{"start":{"line":96,"column":29},"end":{"line":96,"column":57}},"62":{"start":{"line":97,"column":34},"end":{"line":97,"column":80}},"63":{"start":{"line":98,"column":37},"end":{"line":98,"column":112}},"64":{"start":{"line":99,"column":32},"end":{"line":99,"column":100}},"65":{"start":{"line":100,"column":8},"end":{"line":100,"column":56}},"66":{"start":{"line":101,"column":8},"end":{"line":101,"column":59}},"67":{"start":{"line":102,"column":8},"end":{"line":102,"column":54}},"68":{"start":{"line":106,"column":6},"end":{"line":111,"column":7}},"69":{"start":{"line":107,"column":29},"end":{"line":107,"column":56}},"70":{"start":{"line":108,"column":29},"end":{"line":108,"column":65}},"71":{"start":{"line":110,"column":8},"end":{"line":110,"column":51}},"72":{"start":{"line":114,"column":6},"end":{"line":121,"column":7}},"73":{"start":{"line":115,"column":47},"end":{"line":115,"column":93}},"74":{"start":{"line":116,"column":50},"end":{"line":116,"column":133}},"75":{"start":{"line":117,"column":45},"end":{"line":117,"column":121}},"76":{"start":{"line":118,"column":29},"end":{"line":118,"column":43}},"77":{"start":{"line":120,"column":8},"end":{"line":120,"column":134}},"78":{"start":{"line":122,"column":6},"end":{"line":129,"column":7}},"79":{"start":{"line":123,"column":47},"end":{"line":123,"column":93}},"80":{"start":{"line":124,"column":50},"end":{"line":124,"column":133}},"81":{"start":{"line":125,"column":45},"end":{"line":125,"column":121}},"82":{"start":{"line":126,"column":29},"end":{"line":126,"column":43}},"83":{"start":{"line":128,"column":8},"end":{"line":128,"column":126}},"84":{"start":{"line":130,"column":6},"end":{"line":138,"column":7}},"85":{"start":{"line":131,"column":22},"end":{"line":131,"column":68}},"86":{"start":{"line":132,"column":32},"end":{"line":132,"column":97}},"87":{"start":{"line":133,"column":39},"end":{"line":133,"column":106}},"88":{"start":{"line":134,"column":27},"end":{"line":134,"column":85}},"89":{"start":{"line":135,"column":34},"end":{"line":135,"column":94}},"90":{"start":{"line":136,"column":29},"end":{"line":136,"column":43}},"91":{"start":{"line":137,"column":8},"end":{"line":137,"column":116}},"92":{"start":{"line":141,"column":2},"end":{"line":141,"column":28}}},"fnMap":{"0":{"name":"(anonymous_0)","decl":{"start":{"line":11,"column":31},"end":{"line":11,"column":32}},"loc":{"start":{"line":11,"column":41},"end":{"line":19,"column":1}},"line":11},"1":{"name":"(anonymous_1)","decl":{"start":{"line":12,"column":48},"end":{"line":12,"column":49}},"loc":{"start":{"line":12,"column":56},"end":{"line":12,"column":81}},"line":12},"2":{"name":"(anonymous_2)","decl":{"start":{"line":21,"column":29},"end":{"line":21,"column":30}},"loc":{"start":{"line":21,"column":39},"end":{"line":21,"column":110}},"line":21},"3":{"name":"(anonymous_3)","decl":{"start":{"line":23,"column":25},"end":{"line":23,"column":26}},"loc":{"start":{"line":23,"column":33},"end":{"line":32,"column":1}},"line":23},"4":{"name":"(anonymous_4)","decl":{"start":{"line":34,"column":33},"end":{"line":34,"column":34}},"loc":{"start":{"line":34,"column":41},"end":{"line":41,"column":1}},"line":34},"5":{"name":"(anonymous_5)","decl":{"start":{"line":43,"column":33},"end":{"line":43,"column":34}},"loc":{"start":{"line":43,"column":41},"end":{"line":57,"column":1}},"line":43},"6":{"name":"(anonymous_6)","decl":{"start":{"line":48,"column":69},"end":{"line":48,"column":70}},"loc":{"start":{"line":48,"column":84},"end":{"line":51,"column":7}},"line":48},"7":{"name":"(anonymous_7)","decl":{"start":{"line":52,"column":84},"end":{"line":52,"column":85}},"loc":{"start":{"line":52,"column":90},"end":{"line":52,"column":124}},"line":52},"8":{"name":"(anonymous_8)","decl":{"start":{"line":59,"column":38},"end":{"line":59,"column":39}},"loc":{"start":{"line":59,"column":47},"end":{"line":73,"column":1}},"line":59},"9":{"name":"(anonymous_9)","decl":{"start":{"line":64,"column":69},"end":{"line":64,"column":70}},"loc":{"start":{"line":64,"column":84},"end":{"line":67,"column":7}},"line":64},"10":{"name":"(anonymous_10)","decl":{"start":{"line":68,"column":94},"end":{"line":68,"column":95}},"loc":{"start":{"line":68,"column":100},"end":{"line":68,"column":134}},"line":68},"11":{"name":"(anonymous_11)","decl":{"start":{"line":75,"column":17},"end":{"line":75,"column":18}},"loc":{"start":{"line":75,"column":35},"end":{"line":142,"column":1}},"line":75},"12":{"name":"(anonymous_12)","decl":{"start":{"line":81,"column":4},"end":{"line":81,"column":5}},"loc":{"start":{"line":81,"column":21},"end":{"line":93,"column":5}},"line":81},"13":{"name":"(anonymous_13)","decl":{"start":{"line":83,"column":39},"end":{"line":83,"column":40}},"loc":{"start":{"line":83,"column":47},"end":{"line":83,"column":76}},"line":83},"14":{"name":"(anonymous_14)","decl":{"start":{"line":94,"column":4},"end":{"line":94,"column":5}},"loc":{"start":{"line":94,"column":30},"end":{"line":104,"column":5}},"line":94},"15":{"name":"(anonymous_15)","decl":{"start":{"line":105,"column":4},"end":{"line":105,"column":5}},"loc":{"start":{"line":105,"column":31},"end":{"line":112,"column":5}},"line":105},"16":{"name":"(anonymous_16)","decl":{"start":{"line":113,"column":4},"end":{"line":113,"column":5}},"loc":{"start":{"line":113,"column":29},"end":{"line":139,"column":5}},"line":113}},"branchMap":{"0":{"loc":{"start":{"line":13,"column":18},"end":{"line":17,"column":78}},"type":"binary-expr","locations":[{"start":{"line":13,"column":18},"end":{"line":13,"column":71}},{"start":{"line":14,"column":7},"end":{"line":14,"column":33}},{"start":{"line":15,"column":7},"end":{"line":15,"column":40}},{"start":{"line":16,"column":7},"end":{"line":16,"column":47}},{"start":{"line":17,"column":7},"end":{"line":17,"column":78}}],"line":13},"1":{"loc":{"start":{"line":21,"column":39},"end":{"line":21,"column":110}},"type":"binary-expr","locations":[{"start":{"line":21,"column":39},"end":{"line":21,"column":48}},{"start":{"line":21,"column":52},"end":{"line":21,"column":64}},{"start":{"line":21,"column":68},"end":{"line":21,"column":110}}],"line":21},"2":{"loc":{"start":{"line":30,"column":11},"end":{"line":30,"column":63}},"type":"binary-expr","locations":[{"start":{"line":30,"column":11},"end":{"line":30,"column":36}},{"start":{"line":30,"column":40},"end":{"line":30,"column":63}}],"line":30},"3":{"loc":{"start":{"line":47,"column":4},"end":{"line":53,"column":5}},"type":"if","locations":[{"start":{"line":47,"column":4},"end":{"line":53,"column":5}},{"start":{"line":47,"column":4},"end":{"line":53,"column":5}}],"line":47},"4":{"loc":{"start":{"line":47,"column":7},"end":{"line":47,"column":77}},"type":"binary-expr","locations":[{"start":{"line":47,"column":7},"end":{"line":47,"column":28}},{"start":{"line":47,"column":32},"end":{"line":47,"column":77}}],"line":47},"5":{"loc":{"start":{"line":63,"column":4},"end":{"line":69,"column":5}},"type":"if","locations":[{"start":{"line":63,"column":4},"end":{"line":69,"column":5}},{"start":{"line":63,"column":4},"end":{"line":69,"column":5}}],"line":63},"6":{"loc":{"start":{"line":63,"column":7},"end":{"line":63,"column":77}},"type":"binary-expr","locations":[{"start":{"line":63,"column":7},"end":{"line":63,"column":28}},{"start":{"line":63,"column":32},"end":{"line":63,"column":77}}],"line":63},"7":{"loc":{"start":{"line":82,"column":6},"end":{"line":92,"column":7}},"type":"if","locations":[{"start":{"line":82,"column":6},"end":{"line":92,"column":7}},{"start":{"line":82,"column":6},"end":{"line":92,"column":7}}],"line":82},"8":{"loc":{"start":{"line":95,"column":6},"end":{"line":103,"column":7}},"type":"if","locations":[{"start":{"line":95,"column":6},"end":{"line":103,"column":7}},{"start":{"line":95,"column":6},"end":{"line":103,"column":7}}],"line":95},"9":{"loc":{"start":{"line":106,"column":6},"end":{"line":111,"column":7}},"type":"if","locations":[{"start":{"line":106,"column":6},"end":{"line":111,"column":7}},{"start":{"line":106,"column":6},"end":{"line":111,"column":7}}],"line":106},"10":{"loc":{"start":{"line":114,"column":6},"end":{"line":121,"column":7}},"type":"if","locations":[{"start":{"line":114,"column":6},"end":{"line":121,"column":7}},{"start":{"line":114,"column":6},"end":{"line":121,"column":7}}],"line":114},"11":{"loc":{"start":{"line":122,"column":6},"end":{"line":129,"column":7}},"type":"if","locations":[{"start":{"line":122,"column":6},"end":{"line":129,"column":7}},{"start":{"line":122,"column":6},"end":{"line":129,"column":7}}],"line":122},"12":{"loc":{"start":{"line":130,"column":6},"end":{"line":138,"column":7}},"type":"if","locations":[{"start":{"line":130,"column":6},"end":{"line":138,"column":7}},{"start":{"line":130,"column":6},"end":{"line":138,"column":7}}],"line":130}},"s":{"0":1,"1":1,"2":1,"3":1,"4":1,"5":1,"6":841,"7":6123,"8":841,"9":841,"10":1,"11":1,"12":1,"13":37,"14":37,"15":37,"16":37,"17":37,"18":37,"19":1,"20":64,"21":64,"22":64,"23":64,"24":1,"25":64,"26":64,"27":64,"28":64,"29":2,"30":8,"31":8,"32":2,"33":5,"34":64,"35":1,"36":64,"37":64,"38":64,"39":64,"40":2,"41":8,"42":8,"43":2,"44":7,"45":64,"46":1,"47":7,"48":7,"49":841,"50":1,"51":2,"52":1,"53":1,"54":1,"55":1,"56":1,"57":1,"58":1,"59":1,"60":1,"61":1,"62":1,"63":1,"64":1,"65":1,"66":1,"67":1,"68":37,"69":1,"70":1,"71":1,"72":64,"73":1,"74":1,"75":1,"76":1,"77":1,"78":64,"79":1,"80":1,"81":1,"82":1,"83":1,"84":64,"85":1,"86":1,"87":1,"88":1,"89":1,"90":1,"91":1,"92":7},"f":{"0":841,"1":6123,"2":1,"3":37,"4":64,"5":64,"6":8,"7":5,"8":64,"9":8,"10":7,"11":7,"12":841,"13":2,"14":1,"15":37,"16":64},"b":{"0":[841,5,5,5,1],"1":[1,1,1],"2":[37,1],"3":[2,62],"4":[64,2],"5":[2,62],"6":[64,2],"7":[1,840],"8":[1,0],"9":[1,36],"10":[1,63],"11":[1,63],"12":[1,63]},"_coverageSchema":"43e27e138ebf9cfc5966b082cf9a028302ed4184","hash":"0ad34a335b4f6604592f3f411d713dc100b8e771"}
,"C:\\Users\\ADMIN\\Desktop\\npm\\bpmn-replace-element-loader\\test\\compiler.js": {"path":"C:\\Users\\ADMIN\\Desktop\\npm\\bpmn-replace-element-loader\\test\\compiler.js","statementMap":{"0":{"start":{"line":1,"column":13},"end":{"line":1,"column":28}},"1":{"start":{"line":2,"column":16},"end":{"line":2,"column":34}},"2":{"start":{"line":4,"column":17},"end":{"line":4,"column":37}},"3":{"start":{"line":6,"column":0},"end":{"line":51,"column":2}},"4":{"start":{"line":7,"column":19},"end":{"line":26,"column":4}},"5":{"start":{"line":28,"column":11},"end":{"line":28,"column":25}},"6":{"start":{"line":29,"column":2},"end":{"line":29,"column":33}},"7":{"start":{"line":31,"column":2},"end":{"line":50,"column":5}},"8":{"start":{"line":32,"column":4},"end":{"line":49,"column":7}},"9":{"start":{"line":33,"column":6},"end":{"line":40,"column":7}},"10":{"start":{"line":34,"column":8},"end":{"line":34,"column":40}},"11":{"start":{"line":35,"column":8},"end":{"line":37,"column":9}},"12":{"start":{"line":36,"column":10},"end":{"line":36,"column":37}},"13":{"start":{"line":38,"column":8},"end":{"line":38,"column":20}},"14":{"start":{"line":39,"column":8},"end":{"line":39,"column":15}},"15":{"start":{"line":41,"column":19},"end":{"line":41,"column":33}},"16":{"start":{"line":42,"column":6},"end":{"line":44,"column":7}},"17":{"start":{"line":43,"column":8},"end":{"line":43,"column":35}},"18":{"start":{"line":45,"column":6},"end":{"line":47,"column":7}},"19":{"start":{"line":46,"column":8},"end":{"line":46,"column":36}},"20":{"start":{"line":48,"column":6},"end":{"line":48,"column":21}}},"fnMap":{"0":{"name":"(anonymous_0)","decl":{"start":{"line":6,"column":17},"end":{"line":6,"column":18}},"loc":{"start":{"line":6,"column":44},"end":{"line":51,"column":1}},"line":6},"1":{"name":"(anonymous_1)","decl":{"start":{"line":31,"column":21},"end":{"line":31,"column":22}},"loc":{"start":{"line":31,"column":42},"end":{"line":50,"column":3}},"line":31},"2":{"name":"(anonymous_2)","decl":{"start":{"line":32,"column":17},"end":{"line":32,"column":18}},"loc":{"start":{"line":32,"column":33},"end":{"line":49,"column":5}},"line":32}},"branchMap":{"0":{"loc":{"start":{"line":6,"column":27},"end":{"line":6,"column":39}},"type":"default-arg","locations":[{"start":{"line":6,"column":37},"end":{"line":6,"column":39}}],"line":6},"1":{"loc":{"start":{"line":33,"column":6},"end":{"line":40,"column":7}},"type":"if","locations":[{"start":{"line":33,"column":6},"end":{"line":40,"column":7}},{"start":{"line":33,"column":6},"end":{"line":40,"column":7}}],"line":33},"2":{"loc":{"start":{"line":34,"column":22},"end":{"line":34,"column":38}},"type":"binary-expr","locations":[{"start":{"line":34,"column":22},"end":{"line":34,"column":31}},{"start":{"line":34,"column":35},"end":{"line":34,"column":38}}],"line":34},"3":{"loc":{"start":{"line":35,"column":8},"end":{"line":37,"column":9}},"type":"if","locations":[{"start":{"line":35,"column":8},"end":{"line":37,"column":9}},{"start":{"line":35,"column":8},"end":{"line":37,"column":9}}],"line":35},"4":{"loc":{"start":{"line":42,"column":6},"end":{"line":44,"column":7}},"type":"if","locations":[{"start":{"line":42,"column":6},"end":{"line":44,"column":7}},{"start":{"line":42,"column":6},"end":{"line":44,"column":7}}],"line":42},"5":{"loc":{"start":{"line":45,"column":6},"end":{"line":47,"column":7}},"type":"if","locations":[{"start":{"line":45,"column":6},"end":{"line":47,"column":7}},{"start":{"line":45,"column":6},"end":{"line":47,"column":7}}],"line":45}},"s":{"0":1,"1":1,"2":1,"3":1,"4":7,"5":7,"6":7,"7":7,"8":7,"9":7,"10":0,"11":0,"12":0,"13":0,"14":0,"15":7,"16":7,"17":0,"18":7,"19":0,"20":7},"f":{"0":7,"1":7,"2":7},"b":{"0":[7],"1":[0,7],"2":[0,0],"3":[0,0],"4":[0,7],"5":[0,7]},"_coverageSchema":"43e27e138ebf9cfc5966b082cf9a028302ed4184","hash":"35f584ba0bd83db8eb26478b140514fbbb6cae23"}
}
