TN:
SF:C:\Users\ADMIN\Desktop\npm\bpmn-replace-element-loader\src\index.js
FN:11,(anonymous_0)
FN:17,(anonymous_1)
FN:18,(anonymous_2)
FN:26,(anonymous_3)
FNF:4
FNH:4
FNDA:2,(anonymous_0)
FNDA:171,(anonymous_1)
FNDA:949,(anonymous_2)
FNDA:2,(anonymous_3)
DA:2,1
DA:4,1
DA:6,1
DA:8,1
DA:9,1
DA:11,1
DA:12,2
DA:16,2
DA:18,949
DA:19,171
DA:25,171
DA:26,2
DA:27,1
DA:28,1
DA:30,1
DA:31,1
DA:32,1
DA:33,1
DA:34,1
DA:35,1
DA:39,2
LF:21
LH:21
BRDA:19,0,0,171
BRDA:19,0,1,5
BRDA:19,0,2,5
BRDA:19,0,3,5
BRDA:19,0,4,1
BRDA:25,1,0,1
BRDA:25,1,1,170
BRF:7
BRH:7
end_of_record
TN:
SF:C:\Users\ADMIN\Desktop\npm\bpmn-replace-element-loader\test\compiler.js
FN:6,(anonymous_0)
FN:31,(anonymous_1)
FN:32,(anonymous_2)
FNF:3
FNH:3
FNDA:2,(anonymous_0)
FNDA:2,(anonymous_1)
FNDA:2,(anonymous_2)
DA:1,1
DA:2,1
DA:4,1
DA:6,1
DA:7,2
DA:28,2
DA:29,2
DA:31,2
DA:32,2
DA:33,2
DA:34,0
DA:35,0
DA:36,0
DA:38,0
DA:39,0
DA:41,2
DA:42,2
DA:43,0
DA:45,2
DA:46,0
DA:48,2
LF:21
LH:14
BRDA:6,0,0,2
BRDA:33,1,0,0
BRDA:33,1,1,2
BRDA:34,2,0,0
BRDA:34,2,1,0
BRDA:35,3,0,0
BRDA:35,3,1,0
BRDA:42,4,0,0
BRDA:42,4,1,2
BRDA:45,5,0,0
BRDA:45,5,1,2
BRF:11
BRH:4
end_of_record
