TN:
SF:C:\Users\ADMIN\Desktop\npm\bpmn-replace-element-loader\src\index.js
FN:10,(anonymous_0)
FN:16,(anonymous_1)
FN:18,(anonymous_2)
FNF:3
FNH:3
FNDA:1,(anonymous_0)
FNDA:39,(anonymous_1)
FNDA:2,(anonymous_2)
DA:2,1
DA:4,1
DA:6,1
DA:8,1
DA:10,1
DA:11,1
DA:15,1
DA:17,39
DA:18,2
DA:19,1
DA:20,1
DA:21,1
DA:25,1
DA:26,1
DA:31,1
DA:35,1
LF:16
LH:16
BRDA:17,0,0,1
BRDA:17,0,1,38
BRF:2
BRH:2
end_of_record
TN:
SF:C:\Users\ADMIN\Desktop\npm\bpmn-replace-element-loader\test\compiler.js
FN:6,(anonymous_0)
FN:30,(anonymous_1)
FN:31,(anonymous_2)
FNF:3
FNH:3
FNDA:1,(anonymous_0)
FNDA:1,(anonymous_1)
FNDA:1,(anonymous_2)
DA:1,1
DA:2,1
DA:4,1
DA:6,1
DA:7,1
DA:27,1
DA:28,1
DA:30,1
DA:31,1
DA:32,1
DA:33,0
DA:34,0
DA:35,0
DA:37,0
DA:38,0
DA:40,1
DA:41,1
DA:42,0
DA:44,1
DA:45,1
DA:47,1
LF:21
LH:15
BRDA:6,0,0,1
BRDA:32,1,0,0
BRDA:32,1,1,1
BRDA:33,2,0,0
BRDA:33,2,1,0
BRDA:34,3,0,0
BRDA:34,3,1,0
BRDA:41,4,0,0
BRDA:41,4,1,1
BRDA:44,5,0,1
BRDA:44,5,1,0
BRF:11
BRH:4
end_of_record
